8
7
8
16
95
32
27
43
6
16
31
16
28
93
1
35
8
34
2
19
7
106
1
76
47
43
102
42
127
50
8
61
41
29
13
44
10
1
1
28
15
73
66
1
10
12
58
100
16
37
122
3
134
25
18
19
6
41
49
14
86
1
25
133
9
8
23
3
66
9
89
30
16
7
36
81
23
18
5
8
19
19
15
3
39
40
8
9
1
49
13
61
1
19
2
28
23
106
16
1
0
36
24
17
15
12
12
104
10
2
2
17
31
112
154
17
44
0
2
31
7
6
8
4
9
49
29
91
16
18
17
9
4
51
22
92
78
17
47
39
41
33
99
77
20
21
15
20
86
22
10
3
27
1
14
16
42
96
10
9
17
15
17
37
20
6
104
12
0
27
39
21
0
10
69
74
49
57
22
47
28
17
18
16
92
25
91
143
26
19
9
119
63
84
13
30
72
3
105
