8
31
1
133
11
18
20
16
64
61
55
30
7
38
13
3
3
44
87
2
62
43
95
79
6
55
7
16
22
64
31
26
14
98
32
18
2
12
20
16
17
17
27
38
64
40
9
34
8
19
99
5
27
16
18
88
9
9
12
10
133
4
29
43
3
87
83
46
87
63
22
16
151
32
49
23
61
41
63
158
89
52
21
9
5
125
3
25
66
106
17
11
26
12
16
10
13
3
14
21
16
2
10
13
8
26
24
30
5
12
9
6
35
84
19
10
74
55
82
52
36
4
37
66
75
98
56
49
50
7
37
7
51
1
19
3
0
69
6
18
23
14
36
22
105
17
0
17
34
22
47
62
15
100
7
8
1
6
17
5
29
1
21
13
24
14
76
84
30
15
40
52
25
72
103
38
125
9
4
14
46
7
16
3
16
60
27
