2
27
51
101
46
4
25
12
166
103
14
17
6
132
17
74
14
5
6
81
25
112
14
0
28
13
66
22
0
23
3
94
22
27
11
37
22
8
24
42
42
45
14
16
2
47
23
28
74
17
20
1
26
0
29
21
9
32
33
12
41
36
64
27
10
34
1
35
65
1
16
87
11
17
48
14
10
27
39
109
12
46
92
27
0
11
22
80
12
1
14
11
8
3
22
13
2
28
30
0
15
92
111
31
55
24
106
26
26
40
3
42
20
5
22
145
1
31
9
55
15
32
18
15
13
85
28
27
136
56
20
23
42
35
12
7
12
1
74
10
40
18
34
15
19
10
8
7
36
7
7
35
10
58
41
41
45
37
95
19
45
13
31
16
2
26
28
4
30
39
44
40
69
1
29
0
28
0
14
11
39
193
6
33
37
56
4
14
30
0
50
61
13
